Building DAG of jobs...
shared_storage_local_copies: True
remote_exec: False
Using shell: /usr/bin/bash
Provided cores: 128
Rules claiming more threads will be scaled down.
Job stats:
job                    count
-------------------  -------
all                        1
bcftools_view              3
get_plot_files_rule        1
get_target_names           1
make_SNP_plot              1
vcf_annotate               3
vcf_filter                 3
total                     13

Resources before job selection: {'_cores': 128, '_nodes': 9223372036854775807}
Ready jobs (1)
Select jobs to execute...
Using greedy selector because only single job has to be scheduled.
Selected jobs (1)
Resources after job selection: {'_cores': 127, '_nodes': 9223372036854775806}
Execute 1 jobs...

[Tue Aug 27 14:29:59 2024]
localrule get_target_names:
    input: /n/1000g/align-card-2.24-hg38/FIRST_100, /n/zanderson/SNP-plot-snake/config/targets.txt
    output: /n/zanderson/SNP-plot-snake/config/input_vcf_list.txt, /n/zanderson/SNP-plot-snake/config/sample_prefix_list.txt
    jobid: 6
    reason: Updated input files: /n/zanderson/SNP-plot-snake/config/targets.txt
    resources: tmpdir=/tmp

Activating conda environment: iPython-8.15.0
Completion of job ['get_target_names'] reported to scheduler.
Waiting at most 5 seconds for missing files.
still missing files, waiting...
still missing files, waiting...
still missing files, waiting...
still missing files, waiting...
still missing files, waiting...
Full Traceback (most recent call last):
  File "/usr/share/millerlab/snakemake-8.16.0/lib/python3.12/site-packages/snakemake/dag.py", line 673, in check_and_touch_output
    await wait_for_files(
  File "/usr/share/millerlab/snakemake-8.16.0/lib/python3.12/site-packages/snakemake/io.py", line 985, in wait_for_files
    raise IOError(
OSError: Missing files after 5 seconds. This might be due to filesystem latency. If that is the case, consider to increase the wait time with --latency-wait:
/n/zanderson/SNP-plot-snake/config/input_vcf_list.txt (missing locally, parent dir contents: config.yaml, targets.txt, gene_coordinates.txt, 1000G_Sample_Demographic_Info.txt)
/n/zanderson/SNP-plot-snake/config/sample_prefix_list.txt (missing locally, parent dir contents: config.yaml, targets.txt, gene_coordinates.txt, 1000G_Sample_Demographic_Info.txt)

During handling of the above exception, another exception occurred:

Traceback (most recent call last):
  File "/usr/share/millerlab/snakemake-8.16.0/lib/python3.12/site-packages/snakemake/scheduler.py", line 334, in postprocess
    await job.postprocess(
  File "/usr/share/millerlab/snakemake-8.16.0/lib/python3.12/site-packages/snakemake/jobs.py", line 1133, in postprocess
    await self.dag.check_and_touch_output(
  File "/usr/share/millerlab/snakemake-8.16.0/lib/python3.12/site-packages/snakemake/dag.py", line 680, in check_and_touch_output
    raise MissingOutputException(
snakemake.exceptions.MissingOutputException: Job 6  completed successfully, but some output files are missing. Missing files after 5 seconds. This might be due to filesystem latency. If that is the case, consider to increase the wait time with --latency-wait:
/n/zanderson/SNP-plot-snake/config/input_vcf_list.txt (missing locally, parent dir contents: config.yaml, targets.txt, gene_coordinates.txt, 1000G_Sample_Demographic_Info.txt)
/n/zanderson/SNP-plot-snake/config/sample_prefix_list.txt (missing locally, parent dir contents: config.yaml, targets.txt, gene_coordinates.txt, 1000G_Sample_Demographic_Info.txt)

MissingOutputException in rule get_target_names in file /n/zanderson/SNP-plot-snake/workflow/rules/get_target_names.smk, line 1:
Job 6  completed successfully, but some output files are missing. Missing files after 5 seconds. This might be due to filesystem latency. If that is the case, consider to increase the wait time with --latency-wait:
/n/zanderson/SNP-plot-snake/config/input_vcf_list.txt (missing locally, parent dir contents: config.yaml, targets.txt, gene_coordinates.txt, 1000G_Sample_Demographic_Info.txt)
/n/zanderson/SNP-plot-snake/config/sample_prefix_list.txt (missing locally, parent dir contents: config.yaml, targets.txt, gene_coordinates.txt, 1000G_Sample_Demographic_Info.txt)
Shutting down, this might take some time.
Exiting because a job execution failed. Look above for error message
Complete log: .snakemake/log/2024-08-27T142959.130185.snakemake.log
unlocking
removing lock
removing lock
removed all locks
Full Traceback (most recent call last):
  File "/usr/share/millerlab/snakemake-8.16.0/lib/python3.12/site-packages/snakemake/cli.py", line 2103, in args_to_api
    dag_api.execute_workflow(
  File "/usr/share/millerlab/snakemake-8.16.0/lib/python3.12/site-packages/snakemake/api.py", line 594, in execute_workflow
    workflow.execute(
  File "/usr/share/millerlab/snakemake-8.16.0/lib/python3.12/site-packages/snakemake/workflow.py", line 1286, in execute
    raise WorkflowError("At least one job did not complete successfully.")
snakemake_interface_common.exceptions.WorkflowError: At least one job did not complete successfully.

WorkflowError:
At least one job did not complete successfully.
