Building DAG of jobs...
shared_storage_local_copies: True
remote_exec: False
Using shell: /usr/bin/bash
Provided cores: 128
Rules claiming more threads will be scaled down.
Job stats:
job                    count
-------------------  -------
all                        1
bcftools_view              3
get_plot_files_rule        1
vcf_annotate               3
vcf_filter                 3
total                     11

Resources before job selection: {'_cores': 128, '_nodes': 9223372036854775807}
Ready jobs (3)
Select jobs to execute...
Selected jobs (3)
Resources after job selection: {'_cores': 125, '_nodes': 9223372036854775804}
Execute 3 jobs...

[Mon Aug 26 16:56:53 2024]
localrule bcftools_view:
    input: /n/1000g/align-card-2.24-hg38/FIRST_100/HG03861-ONT-hg38-R9-LSK110-guppy-sup-5hmc_5mc_cg/HG03861-ONT-hg38-R9-LSK110-guppy-sup-5hmc_5mc_cg.PMDV_FINAL.phased.vcf.gz
    output: /n/zanderson/SNP-plot-snake/parsed-VCFs/HG03861-ONT-hg38-R9-LSK110-guppy-sup-5hmc_5mc_cg.PMDV_FINAL_parsed.vcf
    jobid: 10
    reason: Missing output files: /n/zanderson/SNP-plot-snake/parsed-VCFs/HG03861-ONT-hg38-R9-LSK110-guppy-sup-5hmc_5mc_cg.PMDV_FINAL_parsed.vcf
    wildcards: sample=HG03861-ONT-hg38-R9-LSK110-guppy-sup-5hmc_5mc_cg
    resources: tmpdir=/tmp


        bcftools view -R /n/zanderson/SNP-plot-snake/gene_coordinates.txt /n/1000g/align-card-2.24-hg38/FIRST_100/HG03861-ONT-hg38-R9-LSK110-guppy-sup-5hmc_5mc_cg/HG03861-ONT-hg38-R9-LSK110-guppy-sup-5hmc_5mc_cg.PMDV_FINAL.phased.vcf.gz | bgzip > /n/zanderson/SNP-plot-snake/parsed-VCFs/HG03861-ONT-hg38-R9-LSK110-guppy-sup-5hmc_5mc_cg.PMDV_FINAL_parsed.vcf
        bcftools index /n/zanderson/SNP-plot-snake/parsed-VCFs/HG03861-ONT-hg38-R9-LSK110-guppy-sup-5hmc_5mc_cg.PMDV_FINAL_parsed.vcf
        
Activating conda environment: bcftools-1.19

[Mon Aug 26 16:56:54 2024]
localrule bcftools_view:
    input: /n/1000g/align-card-2.24-hg38/FIRST_100/HG02409-ONT-hg38-R9-LSK110-guppy-sup-5mC/HG02409-ONT-hg38-R9-LSK110-guppy-sup-5mC.PMDV_FINAL.phased.vcf.gz
    output: /n/zanderson/SNP-plot-snake/parsed-VCFs/HG02409-ONT-hg38-R9-LSK110-guppy-sup-5mC.PMDV_FINAL_parsed.vcf
    jobid: 7
    reason: Missing output files: /n/zanderson/SNP-plot-snake/parsed-VCFs/HG02409-ONT-hg38-R9-LSK110-guppy-sup-5mC.PMDV_FINAL_parsed.vcf
    wildcards: sample=HG02409-ONT-hg38-R9-LSK110-guppy-sup-5mC
    resources: tmpdir=/tmp


        bcftools view -R /n/zanderson/SNP-plot-snake/gene_coordinates.txt /n/1000g/align-card-2.24-hg38/FIRST_100/HG02409-ONT-hg38-R9-LSK110-guppy-sup-5mC/HG02409-ONT-hg38-R9-LSK110-guppy-sup-5mC.PMDV_FINAL.phased.vcf.gz | bgzip > /n/zanderson/SNP-plot-snake/parsed-VCFs/HG02409-ONT-hg38-R9-LSK110-guppy-sup-5mC.PMDV_FINAL_parsed.vcf
        bcftools index /n/zanderson/SNP-plot-snake/parsed-VCFs/HG02409-ONT-hg38-R9-LSK110-guppy-sup-5mC.PMDV_FINAL_parsed.vcf
        
Activating conda environment: bcftools-1.19

[Mon Aug 26 16:56:54 2024]
localrule bcftools_view:
    input: /n/1000g/align-card-2.24-hg38/FIRST_100/GM18876-ONT-hg38-R9-LSK110-guppy-sup-5mC/GM18876-ONT-hg38-R9-LSK110-guppy-sup-5mC.PMDV_FINAL.phased.vcf.gz
    output: /n/zanderson/SNP-plot-snake/parsed-VCFs/GM18876-ONT-hg38-R9-LSK110-guppy-sup-5mC.PMDV_FINAL_parsed.vcf
    jobid: 4
    reason: Missing output files: /n/zanderson/SNP-plot-snake/parsed-VCFs/GM18876-ONT-hg38-R9-LSK110-guppy-sup-5mC.PMDV_FINAL_parsed.vcf
    wildcards: sample=GM18876-ONT-hg38-R9-LSK110-guppy-sup-5mC
    resources: tmpdir=/tmp


        bcftools view -R /n/zanderson/SNP-plot-snake/gene_coordinates.txt /n/1000g/align-card-2.24-hg38/FIRST_100/GM18876-ONT-hg38-R9-LSK110-guppy-sup-5mC/GM18876-ONT-hg38-R9-LSK110-guppy-sup-5mC.PMDV_FINAL.phased.vcf.gz | bgzip > /n/zanderson/SNP-plot-snake/parsed-VCFs/GM18876-ONT-hg38-R9-LSK110-guppy-sup-5mC.PMDV_FINAL_parsed.vcf
        bcftools index /n/zanderson/SNP-plot-snake/parsed-VCFs/GM18876-ONT-hg38-R9-LSK110-guppy-sup-5mC.PMDV_FINAL_parsed.vcf
        
Activating conda environment: bcftools-1.19
Completion of job ['bcftools_view'] reported to scheduler.
jobs registered as running before removal {bcftools_view, bcftools_view, bcftools_view}
[Mon Aug 26 16:56:56 2024]
Finished job 4.
1 of 11 steps (9%) done
Resources before job selection: {'_cores': 126, '_nodes': 9223372036854775805}
Completion of job ['bcftools_view'] reported to scheduler.
Ready jobs (1)
Completion of job ['bcftools_view'] reported to scheduler.
Select jobs to execute...
Using greedy selector because only single job has to be scheduled.
Selected jobs (1)
Resources after job selection: {'_cores': 125, '_nodes': 9223372036854775804}
Execute 1 jobs...

[Mon Aug 26 16:56:56 2024]
localrule vcf_annotate:
    input: /n/zanderson/SNP-plot-snake/parsed-VCFs/GM18876-ONT-hg38-R9-LSK110-guppy-sup-5mC.PMDV_FINAL_parsed.vcf
    output: /n/zanderson/SNP-plot-snake/annotated-VCFs/GM18876-ONT-hg38-R9-LSK110-guppy-sup-5mC.annotated.vcf
    jobid: 3
    reason: Missing output files: /n/zanderson/SNP-plot-snake/annotated-VCFs/GM18876-ONT-hg38-R9-LSK110-guppy-sup-5mC.annotated.vcf; Input files updated by another job: /n/zanderson/SNP-plot-snake/parsed-VCFs/GM18876-ONT-hg38-R9-LSK110-guppy-sup-5mC.PMDV_FINAL_parsed.vcf
    wildcards: sample=GM18876-ONT-hg38-R9-LSK110-guppy-sup-5mC
    resources: tmpdir=/tmp


        bedtools intersect -a /n/zanderson/SNP-plot-snake/parsed-VCFs/GM18876-ONT-hg38-R9-LSK110-guppy-sup-5mC.PMDV_FINAL_parsed.vcf -b /n/zanderson/3_ENSEMBL_CANONICAL_EXON_in_PROTEIN_CODING_GENE_minus_UTR_gencode.v45.annotation.gtf -wa -wb | awk 'BEGIN {OFS="	"} {print $1, $2, $3, $4, $5, $6, $7, $8, $9, $10, $15, $16}' > /n/zanderson/SNP-plot-snake/annotated-VCFs/GM18876-ONT-hg38-R9-LSK110-guppy-sup-5mC.annotated.vcf 
        
Activating conda environment: bedtools-2.31.1
jobs registered as running before removal {bcftools_view, bcftools_view, vcf_annotate}
[Mon Aug 26 16:56:56 2024]
Finished job 10.
2 of 11 steps (18%) done
jobs registered as running before removal {bcftools_view, vcf_annotate}
[Mon Aug 26 16:56:56 2024]
Finished job 7.
3 of 11 steps (27%) done
Resources before job selection: {'_cores': 127, '_nodes': 9223372036854775806}
Ready jobs (2)
Select jobs to execute...
Selected jobs (2)
Resources after job selection: {'_cores': 125, '_nodes': 9223372036854775804}
Execute 2 jobs...

[Mon Aug 26 16:56:56 2024]
localrule vcf_annotate:
    input: /n/zanderson/SNP-plot-snake/parsed-VCFs/HG03861-ONT-hg38-R9-LSK110-guppy-sup-5hmc_5mc_cg.PMDV_FINAL_parsed.vcf
    output: /n/zanderson/SNP-plot-snake/annotated-VCFs/HG03861-ONT-hg38-R9-LSK110-guppy-sup-5hmc_5mc_cg.annotated.vcf
    jobid: 9
    reason: Missing output files: /n/zanderson/SNP-plot-snake/annotated-VCFs/HG03861-ONT-hg38-R9-LSK110-guppy-sup-5hmc_5mc_cg.annotated.vcf; Input files updated by another job: /n/zanderson/SNP-plot-snake/parsed-VCFs/HG03861-ONT-hg38-R9-LSK110-guppy-sup-5hmc_5mc_cg.PMDV_FINAL_parsed.vcf
    wildcards: sample=HG03861-ONT-hg38-R9-LSK110-guppy-sup-5hmc_5mc_cg
    resources: tmpdir=/tmp


        bedtools intersect -a /n/zanderson/SNP-plot-snake/parsed-VCFs/HG03861-ONT-hg38-R9-LSK110-guppy-sup-5hmc_5mc_cg.PMDV_FINAL_parsed.vcf -b /n/zanderson/3_ENSEMBL_CANONICAL_EXON_in_PROTEIN_CODING_GENE_minus_UTR_gencode.v45.annotation.gtf -wa -wb | awk 'BEGIN {OFS="	"} {print $1, $2, $3, $4, $5, $6, $7, $8, $9, $10, $15, $16}' > /n/zanderson/SNP-plot-snake/annotated-VCFs/HG03861-ONT-hg38-R9-LSK110-guppy-sup-5hmc_5mc_cg.annotated.vcf 
        
Activating conda environment: bedtools-2.31.1

[Mon Aug 26 16:56:56 2024]
localrule vcf_annotate:
    input: /n/zanderson/SNP-plot-snake/parsed-VCFs/HG02409-ONT-hg38-R9-LSK110-guppy-sup-5mC.PMDV_FINAL_parsed.vcf
    output: /n/zanderson/SNP-plot-snake/annotated-VCFs/HG02409-ONT-hg38-R9-LSK110-guppy-sup-5mC.annotated.vcf
    jobid: 6
    reason: Missing output files: /n/zanderson/SNP-plot-snake/annotated-VCFs/HG02409-ONT-hg38-R9-LSK110-guppy-sup-5mC.annotated.vcf; Input files updated by another job: /n/zanderson/SNP-plot-snake/parsed-VCFs/HG02409-ONT-hg38-R9-LSK110-guppy-sup-5mC.PMDV_FINAL_parsed.vcf
    wildcards: sample=HG02409-ONT-hg38-R9-LSK110-guppy-sup-5mC
    resources: tmpdir=/tmp


        bedtools intersect -a /n/zanderson/SNP-plot-snake/parsed-VCFs/HG02409-ONT-hg38-R9-LSK110-guppy-sup-5mC.PMDV_FINAL_parsed.vcf -b /n/zanderson/3_ENSEMBL_CANONICAL_EXON_in_PROTEIN_CODING_GENE_minus_UTR_gencode.v45.annotation.gtf -wa -wb | awk 'BEGIN {OFS="	"} {print $1, $2, $3, $4, $5, $6, $7, $8, $9, $10, $15, $16}' > /n/zanderson/SNP-plot-snake/annotated-VCFs/HG02409-ONT-hg38-R9-LSK110-guppy-sup-5mC.annotated.vcf 
        
Activating conda environment: bedtools-2.31.1
Completion of job ['vcf_annotate'] reported to scheduler.
jobs registered as running before removal {vcf_annotate, vcf_annotate, vcf_annotate}
[Mon Aug 26 16:56:57 2024]
Finished job 3.
4 of 11 steps (36%) done
Resources before job selection: {'_cores': 126, '_nodes': 9223372036854775805}
Completion of job ['vcf_annotate'] reported to scheduler.
Ready jobs (1)
Completion of job ['vcf_annotate'] reported to scheduler.
Select jobs to execute...
Using greedy selector because only single job has to be scheduled.
Selected jobs (1)
Resources after job selection: {'_cores': 125, '_nodes': 9223372036854775804}
Execute 1 jobs...

[Mon Aug 26 16:56:57 2024]
localrule vcf_filter:
    input: /n/zanderson/SNP-plot-snake/annotated-VCFs/GM18876-ONT-hg38-R9-LSK110-guppy-sup-5mC.annotated.vcf
    output: /n/zanderson/SNP-plot-snake/filtered-annotated-VCFs/GM18876-ONT-hg38-R9-LSK110-guppy-sup-5mC.annotated.filtered.bed
    jobid: 2
    reason: Missing output files: /n/zanderson/SNP-plot-snake/filtered-annotated-VCFs/GM18876-ONT-hg38-R9-LSK110-guppy-sup-5mC.annotated.filtered.bed; Input files updated by another job: /n/zanderson/SNP-plot-snake/annotated-VCFs/GM18876-ONT-hg38-R9-LSK110-guppy-sup-5mC.annotated.vcf
    wildcards: sample=GM18876-ONT-hg38-R9-LSK110-guppy-sup-5mC
    resources: tmpdir=/tmp


        awk '($6 >= 5 && $7 == "PASS") || ($7 == "refCall")' /n/zanderson/SNP-plot-snake/annotated-VCFs/GM18876-ONT-hg38-R9-LSK110-guppy-sup-5mC.annotated.vcf > /n/zanderson/SNP-plot-snake/filtered-annotated-VCFs/GM18876-ONT-hg38-R9-LSK110-guppy-sup-5mC.annotated.filtered.bed
        
jobs registered as running before removal {vcf_annotate, vcf_annotate, vcf_filter}
[Mon Aug 26 16:56:57 2024]
Finished job 6.
5 of 11 steps (45%) done
jobs registered as running before removal {vcf_annotate, vcf_filter}
[Mon Aug 26 16:56:57 2024]
Finished job 9.
6 of 11 steps (55%) done
Resources before job selection: {'_cores': 127, '_nodes': 9223372036854775806}
Ready jobs (2)
Select jobs to execute...
Completion of job ['vcf_filter'] reported to scheduler.
Selected jobs (2)
Resources after job selection: {'_cores': 125, '_nodes': 9223372036854775804}
Execute 2 jobs...

[Mon Aug 26 16:56:57 2024]
localrule vcf_filter:
    input: /n/zanderson/SNP-plot-snake/annotated-VCFs/HG02409-ONT-hg38-R9-LSK110-guppy-sup-5mC.annotated.vcf
    output: /n/zanderson/SNP-plot-snake/filtered-annotated-VCFs/HG02409-ONT-hg38-R9-LSK110-guppy-sup-5mC.annotated.filtered.bed
    jobid: 5
    reason: Missing output files: /n/zanderson/SNP-plot-snake/filtered-annotated-VCFs/HG02409-ONT-hg38-R9-LSK110-guppy-sup-5mC.annotated.filtered.bed; Input files updated by another job: /n/zanderson/SNP-plot-snake/annotated-VCFs/HG02409-ONT-hg38-R9-LSK110-guppy-sup-5mC.annotated.vcf
    wildcards: sample=HG02409-ONT-hg38-R9-LSK110-guppy-sup-5mC
    resources: tmpdir=/tmp


        awk '($6 >= 5 && $7 == "PASS") || ($7 == "refCall")' /n/zanderson/SNP-plot-snake/annotated-VCFs/HG02409-ONT-hg38-R9-LSK110-guppy-sup-5mC.annotated.vcf > /n/zanderson/SNP-plot-snake/filtered-annotated-VCFs/HG02409-ONT-hg38-R9-LSK110-guppy-sup-5mC.annotated.filtered.bed
        

[Mon Aug 26 16:56:57 2024]
localrule vcf_filter:
    input: /n/zanderson/SNP-plot-snake/annotated-VCFs/HG03861-ONT-hg38-R9-LSK110-guppy-sup-5hmc_5mc_cg.annotated.vcf
    output: /n/zanderson/SNP-plot-snake/filtered-annotated-VCFs/HG03861-ONT-hg38-R9-LSK110-guppy-sup-5hmc_5mc_cg.annotated.filtered.bed
    jobid: 8
    reason: Missing output files: /n/zanderson/SNP-plot-snake/filtered-annotated-VCFs/HG03861-ONT-hg38-R9-LSK110-guppy-sup-5hmc_5mc_cg.annotated.filtered.bed; Input files updated by another job: /n/zanderson/SNP-plot-snake/annotated-VCFs/HG03861-ONT-hg38-R9-LSK110-guppy-sup-5hmc_5mc_cg.annotated.vcf
    wildcards: sample=HG03861-ONT-hg38-R9-LSK110-guppy-sup-5hmc_5mc_cg
    resources: tmpdir=/tmp


        awk '($6 >= 5 && $7 == "PASS") || ($7 == "refCall")' /n/zanderson/SNP-plot-snake/annotated-VCFs/HG03861-ONT-hg38-R9-LSK110-guppy-sup-5hmc_5mc_cg.annotated.vcf > /n/zanderson/SNP-plot-snake/filtered-annotated-VCFs/HG03861-ONT-hg38-R9-LSK110-guppy-sup-5hmc_5mc_cg.annotated.filtered.bed
        
jobs registered as running before removal {vcf_filter, vcf_filter, vcf_filter}
[Mon Aug 26 16:56:57 2024]
Finished job 2.
7 of 11 steps (64%) done
Completion of job ['vcf_filter'] reported to scheduler.
Completion of job ['vcf_filter'] reported to scheduler.
jobs registered as running before removal {vcf_filter, vcf_filter}
[Mon Aug 26 16:56:57 2024]
Finished job 5.
8 of 11 steps (73%) done
jobs registered as running before removal {vcf_filter}
[Mon Aug 26 16:56:57 2024]
Finished job 8.
9 of 11 steps (82%) done
Resources before job selection: {'_cores': 128, '_nodes': 9223372036854775807}
Ready jobs (1)
Select jobs to execute...
Using greedy selector because only single job has to be scheduled.
Selected jobs (1)
Resources after job selection: {'_cores': 127, '_nodes': 9223372036854775806}
Execute 1 jobs...

[Mon Aug 26 16:56:57 2024]
localrule get_plot_files_rule:
    input: /n/zanderson/SNP-plot-snake/filtered-annotated-VCFs/GM18876-ONT-hg38-R9-LSK110-guppy-sup-5mC.annotated.filtered.bed, /n/zanderson/SNP-plot-snake/filtered-annotated-VCFs/HG02409-ONT-hg38-R9-LSK110-guppy-sup-5mC.annotated.filtered.bed, /n/zanderson/SNP-plot-snake/filtered-annotated-VCFs/HG03861-ONT-hg38-R9-LSK110-guppy-sup-5hmc_5mc_cg.annotated.filtered.bed
    output: /n/zanderson/SNP-plot-snake/filtered-annotated-VCFs/file_list.txt
    jobid: 1
    reason: Missing output files: /n/zanderson/SNP-plot-snake/filtered-annotated-VCFs/file_list.txt; Input files updated by another job: /n/zanderson/SNP-plot-snake/filtered-annotated-VCFs/HG02409-ONT-hg38-R9-LSK110-guppy-sup-5mC.annotated.filtered.bed, /n/zanderson/SNP-plot-snake/filtered-annotated-VCFs/GM18876-ONT-hg38-R9-LSK110-guppy-sup-5mC.annotated.filtered.bed, /n/zanderson/SNP-plot-snake/filtered-annotated-VCFs/HG03861-ONT-hg38-R9-LSK110-guppy-sup-5hmc_5mc_cg.annotated.filtered.bed
    resources: tmpdir=/tmp

Activating conda environment: iPython-8.15.0
Full Traceback (most recent call last):
  File "/usr/share/millerlab/snakemake-8.16.0/lib/python3.12/site-packages/snakemake/executors/local.py", line 423, in run_wrapper
    run(
  File "/n/zanderson/SNP-plot-snake/workflow/rules/get-plot-files-rule.smk", line 32, in __rule_get_plot_files_rule
  File "/usr/share/millerlab/snakemake-8.16.0/lib/python3.12/site-packages/snakemake/script/__init__.py", line 1563, in script
    executor.evaluate()
  File "/usr/share/millerlab/snakemake-8.16.0/lib/python3.12/site-packages/snakemake/script/__init__.py", line 454, in evaluate
    self.execute_script(fd.name, edit=edit)
  File "/usr/share/millerlab/snakemake-8.16.0/lib/python3.12/site-packages/snakemake/script/__init__.py", line 697, in execute_script
    self._execute_cmd(
  File "/usr/share/millerlab/snakemake-8.16.0/lib/python3.12/site-packages/snakemake/script/__init__.py", line 482, in _execute_cmd
    return shell(
           ^^^^^^
  File "/usr/share/millerlab/snakemake-8.16.0/lib/python3.12/site-packages/snakemake/shell.py", line 357, in __new__
    raise sp.CalledProcessError(retcode, cmd)
subprocess.CalledProcessError: Command 'source /usr/bin/activate 'iPython-8.15.0'; set -euo pipefail;  /usr/share/millerlab/snakemake-8.16.0/bin/python3.12 /n/zanderson/SNP-plot-snake/.snakemake/scripts/tmp8i8woarx.get-plot-files.py' returned non-zero exit status 1.

Full Traceback (most recent call last):
  File "/usr/share/millerlab/snakemake-8.16.0/lib/python3.12/site-packages/snakemake/executors/local.py", line 423, in run_wrapper
    run(
  File "/n/zanderson/SNP-plot-snake/workflow/rules/get-plot-files-rule.smk", line 32, in __rule_get_plot_files_rule
  File "/usr/share/millerlab/snakemake-8.16.0/lib/python3.12/site-packages/snakemake/script/__init__.py", line 1563, in script
    executor.evaluate()
  File "/usr/share/millerlab/snakemake-8.16.0/lib/python3.12/site-packages/snakemake/script/__init__.py", line 454, in evaluate
    self.execute_script(fd.name, edit=edit)
  File "/usr/share/millerlab/snakemake-8.16.0/lib/python3.12/site-packages/snakemake/script/__init__.py", line 697, in execute_script
    self._execute_cmd(
  File "/usr/share/millerlab/snakemake-8.16.0/lib/python3.12/site-packages/snakemake/script/__init__.py", line 482, in _execute_cmd
    return shell(
           ^^^^^^
  File "/usr/share/millerlab/snakemake-8.16.0/lib/python3.12/site-packages/snakemake/shell.py", line 357, in __new__
    raise sp.CalledProcessError(retcode, cmd)
subprocess.CalledProcessError: Command 'source /usr/bin/activate 'iPython-8.15.0'; set -euo pipefail;  /usr/share/millerlab/snakemake-8.16.0/bin/python3.12 /n/zanderson/SNP-plot-snake/.snakemake/scripts/tmp8i8woarx.get-plot-files.py' returned non-zero exit status 1.

During handling of the above exception, another exception occurred:

Traceback (most recent call last):
  File "/usr/share/millerlab/snakemake-8.16.0/lib/python3.12/site-packages/snakemake/executors/local.py", line 261, in _callback
    raise ex
  File "/usr/share/millerlab/snakemake-8.16.0/lib/python3.12/concurrent/futures/thread.py", line 58, in run
    result = self.fn(*self.args, **self.kwargs)
             ^^^^^^^^^^^^^^^^^^^^^^^^^^^^^^^^^^
  File "/usr/share/millerlab/snakemake-8.16.0/lib/python3.12/site-packages/snakemake/executors/local.py", line 247, in cached_or_run
    run_func(*args)
  File "/usr/share/millerlab/snakemake-8.16.0/lib/python3.12/site-packages/snakemake/executors/local.py", line 459, in run_wrapper
    raise RuleException(
snakemake.exceptions.RuleException: CalledProcessError in file /n/zanderson/SNP-plot-snake/workflow/rules/get-plot-files-rule.smk, line 19:
Command 'source /usr/bin/activate 'iPython-8.15.0'; set -euo pipefail;  /usr/share/millerlab/snakemake-8.16.0/bin/python3.12 /n/zanderson/SNP-plot-snake/.snakemake/scripts/tmp8i8woarx.get-plot-files.py' returned non-zero exit status 1.

RuleException:
CalledProcessError in file /n/zanderson/SNP-plot-snake/workflow/rules/get-plot-files-rule.smk, line 19:
Command 'source /usr/bin/activate 'iPython-8.15.0'; set -euo pipefail;  /usr/share/millerlab/snakemake-8.16.0/bin/python3.12 /n/zanderson/SNP-plot-snake/.snakemake/scripts/tmp8i8woarx.get-plot-files.py' returned non-zero exit status 1.
[Mon Aug 26 16:56:58 2024]
Error in rule get_plot_files_rule:
    jobid: 1
    input: /n/zanderson/SNP-plot-snake/filtered-annotated-VCFs/GM18876-ONT-hg38-R9-LSK110-guppy-sup-5mC.annotated.filtered.bed, /n/zanderson/SNP-plot-snake/filtered-annotated-VCFs/HG02409-ONT-hg38-R9-LSK110-guppy-sup-5mC.annotated.filtered.bed, /n/zanderson/SNP-plot-snake/filtered-annotated-VCFs/HG03861-ONT-hg38-R9-LSK110-guppy-sup-5hmc_5mc_cg.annotated.filtered.bed
    output: /n/zanderson/SNP-plot-snake/filtered-annotated-VCFs/file_list.txt
    conda-env: iPython-8.15.0

Shutting down, this might take some time.
Exiting because a job execution failed. Look above for error message
Complete log: .snakemake/log/2024-08-26T165653.685459.snakemake.log
unlocking
removing lock
removing lock
removed all locks
Full Traceback (most recent call last):
  File "/usr/share/millerlab/snakemake-8.16.0/lib/python3.12/site-packages/snakemake/cli.py", line 2103, in args_to_api
    dag_api.execute_workflow(
  File "/usr/share/millerlab/snakemake-8.16.0/lib/python3.12/site-packages/snakemake/api.py", line 594, in execute_workflow
    workflow.execute(
  File "/usr/share/millerlab/snakemake-8.16.0/lib/python3.12/site-packages/snakemake/workflow.py", line 1286, in execute
    raise WorkflowError("At least one job did not complete successfully.")
snakemake_interface_common.exceptions.WorkflowError: At least one job did not complete successfully.

WorkflowError:
At least one job did not complete successfully.
