Building DAG of jobs...
shared_storage_local_copies: True
remote_exec: False
Using shell: /usr/bin/bash
Provided cores: 20
Rules claiming more threads will be scaled down.
Job stats:
job                    count
-------------------  -------
all                        1
get_plot_files_rule        1
make_SNP_plot              1
vcf_annotate               3
vcf_filter                 3
total                      9

Resources before job selection: {'_cores': 20, '_nodes': 9223372036854775807}
Ready jobs (3)
Select jobs to execute...
Selected jobs (3)
Resources after job selection: {'_cores': 17, '_nodes': 9223372036854775804}
Execute 3 jobs...

[Thu Aug 29 15:50:58 2024]
localrule vcf_annotate:
    input: /n/zanderson/SNP-plot-snake-testing/parsed-VCFs/HG01812-ONT-hg38-R9-LSK110-guppy-sup-5mC.PMDV_FINAL_parsed.vcf
    output: /n/zanderson/SNP-plot-snake-testing/annotated-VCFs/HG01812-ONT-hg38-R9-LSK110-guppy-sup-5mC.annotated.vcf
    jobid: 10
    reason: Code has changed since last execution
    wildcards: sample=HG01812-ONT-hg38-R9-LSK110-guppy-sup-5mC
    resources: tmpdir=/tmp


        zcat /n/zanderson/SNP-plot-snake-testing/parsed-VCFs/HG01812-ONT-hg38-R9-LSK110-guppy-sup-5mC.PMDV_FINAL_parsed.vcf > unzipped_parsed.vcf
        bedtools intersect -a unzipped_parsed.vcf -b /n/zanderson/3_ENSEMBL_CANONICAL_EXON_in_PROTEIN_CODING_GENE_minus_UTR_gencode.v45.annotation.gtf -wa -wb | awk 'BEGIN {OFS="	"} {print $1, $2, $3, $4, $5, $6, $7, $8, $9, $10, $15, $16}' > /n/zanderson/SNP-plot-snake-testing/annotated-VCFs/HG01812-ONT-hg38-R9-LSK110-guppy-sup-5mC.annotated.vcf 
        rm unzipped_parsed.bed
        
Activating conda environment: bedtools-2.31.1

[Thu Aug 29 15:50:58 2024]
localrule vcf_annotate:
    input: /n/zanderson/SNP-plot-snake-testing/parsed-VCFs/HG00331-ONT-hg38-R9-LSK110-guppy-sup-5hmc_5mc_cg.PMDV_FINAL_parsed.vcf
    output: /n/zanderson/SNP-plot-snake-testing/annotated-VCFs/HG00331-ONT-hg38-R9-LSK110-guppy-sup-5hmc_5mc_cg.annotated.vcf
    jobid: 4
    reason: Code has changed since last execution
    wildcards: sample=HG00331-ONT-hg38-R9-LSK110-guppy-sup-5hmc_5mc_cg
    resources: tmpdir=/tmp


        zcat /n/zanderson/SNP-plot-snake-testing/parsed-VCFs/HG00331-ONT-hg38-R9-LSK110-guppy-sup-5hmc_5mc_cg.PMDV_FINAL_parsed.vcf > unzipped_parsed.vcf
        bedtools intersect -a unzipped_parsed.vcf -b /n/zanderson/3_ENSEMBL_CANONICAL_EXON_in_PROTEIN_CODING_GENE_minus_UTR_gencode.v45.annotation.gtf -wa -wb | awk 'BEGIN {OFS="	"} {print $1, $2, $3, $4, $5, $6, $7, $8, $9, $10, $15, $16}' > /n/zanderson/SNP-plot-snake-testing/annotated-VCFs/HG00331-ONT-hg38-R9-LSK110-guppy-sup-5hmc_5mc_cg.annotated.vcf 
        rm unzipped_parsed.bed
        
Activating conda environment: bedtools-2.31.1

[Thu Aug 29 15:50:58 2024]
localrule vcf_annotate:
    input: /n/zanderson/SNP-plot-snake-testing/parsed-VCFs/HG01615-ONT-hg38-R9-LSK110-guppy-sup-5mC.PMDV_FINAL_parsed.vcf
    output: /n/zanderson/SNP-plot-snake-testing/annotated-VCFs/HG01615-ONT-hg38-R9-LSK110-guppy-sup-5mC.annotated.vcf
    jobid: 7
    reason: Code has changed since last execution
    wildcards: sample=HG01615-ONT-hg38-R9-LSK110-guppy-sup-5mC
    resources: tmpdir=/tmp


        zcat /n/zanderson/SNP-plot-snake-testing/parsed-VCFs/HG01615-ONT-hg38-R9-LSK110-guppy-sup-5mC.PMDV_FINAL_parsed.vcf > unzipped_parsed.vcf
        bedtools intersect -a unzipped_parsed.vcf -b /n/zanderson/3_ENSEMBL_CANONICAL_EXON_in_PROTEIN_CODING_GENE_minus_UTR_gencode.v45.annotation.gtf -wa -wb | awk 'BEGIN {OFS="	"} {print $1, $2, $3, $4, $5, $6, $7, $8, $9, $10, $15, $16}' > /n/zanderson/SNP-plot-snake-testing/annotated-VCFs/HG01615-ONT-hg38-R9-LSK110-guppy-sup-5mC.annotated.vcf 
        rm unzipped_parsed.bed
        
Activating conda environment: bedtools-2.31.1
Full Traceback (most recent call last):
  File "/usr/share/millerlab/snakemake-8.16.0/lib/python3.12/site-packages/snakemake/executors/local.py", line 423, in run_wrapper
    run(
  File "/n/zanderson/SNP-plot-snake-testing/workflow/rules/parsed-vcf-annotate.smk", line 32, in __rule_vcf_annotate
  File "/usr/share/millerlab/snakemake-8.16.0/lib/python3.12/site-packages/snakemake/shell.py", line 357, in __new__
    raise sp.CalledProcessError(retcode, cmd)
subprocess.CalledProcessError: Command 'source /usr/bin/activate 'bedtools-2.31.1'; set -euo pipefail;  
        zcat /n/zanderson/SNP-plot-snake-testing/parsed-VCFs/HG01812-ONT-hg38-R9-LSK110-guppy-sup-5mC.PMDV_FINAL_parsed.vcf > unzipped_parsed.vcf
        bedtools intersect -a unzipped_parsed.vcf -b /n/zanderson/3_ENSEMBL_CANONICAL_EXON_in_PROTEIN_CODING_GENE_minus_UTR_gencode.v45.annotation.gtf -wa -wb | awk 'BEGIN {OFS="	"} {print $1, $2, $3, $4, $5, $6, $7, $8, $9, $10, $15, $16}' > /n/zanderson/SNP-plot-snake-testing/annotated-VCFs/HG01812-ONT-hg38-R9-LSK110-guppy-sup-5mC.annotated.vcf 
        rm unzipped_parsed.bed' returned non-zero exit status 1.

Full Traceback (most recent call last):
  File "/usr/share/millerlab/snakemake-8.16.0/lib/python3.12/site-packages/snakemake/executors/local.py", line 423, in run_wrapper
    run(
  File "/n/zanderson/SNP-plot-snake-testing/workflow/rules/parsed-vcf-annotate.smk", line 32, in __rule_vcf_annotate
  File "/usr/share/millerlab/snakemake-8.16.0/lib/python3.12/site-packages/snakemake/shell.py", line 357, in __new__
    raise sp.CalledProcessError(retcode, cmd)
subprocess.CalledProcessError: Command 'source /usr/bin/activate 'bedtools-2.31.1'; set -euo pipefail;  
        zcat /n/zanderson/SNP-plot-snake-testing/parsed-VCFs/HG01812-ONT-hg38-R9-LSK110-guppy-sup-5mC.PMDV_FINAL_parsed.vcf > unzipped_parsed.vcf
        bedtools intersect -a unzipped_parsed.vcf -b /n/zanderson/3_ENSEMBL_CANONICAL_EXON_in_PROTEIN_CODING_GENE_minus_UTR_gencode.v45.annotation.gtf -wa -wb | awk 'BEGIN {OFS="	"} {print $1, $2, $3, $4, $5, $6, $7, $8, $9, $10, $15, $16}' > /n/zanderson/SNP-plot-snake-testing/annotated-VCFs/HG01812-ONT-hg38-R9-LSK110-guppy-sup-5mC.annotated.vcf 
        rm unzipped_parsed.bed' returned non-zero exit status 1.

During handling of the above exception, another exception occurred:

Traceback (most recent call last):
  File "/usr/share/millerlab/snakemake-8.16.0/lib/python3.12/site-packages/snakemake/executors/local.py", line 261, in _callback
    raise ex
  File "/usr/share/millerlab/snakemake-8.16.0/lib/python3.12/concurrent/futures/thread.py", line 58, in run
    result = self.fn(*self.args, **self.kwargs)
             ^^^^^^^^^^^^^^^^^^^^^^^^^^^^^^^^^^
  File "/usr/share/millerlab/snakemake-8.16.0/lib/python3.12/site-packages/snakemake/executors/local.py", line 247, in cached_or_run
    run_func(*args)
  File "/usr/share/millerlab/snakemake-8.16.0/lib/python3.12/site-packages/snakemake/executors/local.py", line 459, in run_wrapper
    raise RuleException(
snakemake.exceptions.RuleException: CalledProcessError in file /n/zanderson/SNP-plot-snake-testing/workflow/rules/parsed-vcf-annotate.smk, line 12:
Command 'source /usr/bin/activate 'bedtools-2.31.1'; set -euo pipefail;  
        zcat /n/zanderson/SNP-plot-snake-testing/parsed-VCFs/HG01812-ONT-hg38-R9-LSK110-guppy-sup-5mC.PMDV_FINAL_parsed.vcf > unzipped_parsed.vcf
        bedtools intersect -a unzipped_parsed.vcf -b /n/zanderson/3_ENSEMBL_CANONICAL_EXON_in_PROTEIN_CODING_GENE_minus_UTR_gencode.v45.annotation.gtf -wa -wb | awk 'BEGIN {OFS="	"} {print $1, $2, $3, $4, $5, $6, $7, $8, $9, $10, $15, $16}' > /n/zanderson/SNP-plot-snake-testing/annotated-VCFs/HG01812-ONT-hg38-R9-LSK110-guppy-sup-5mC.annotated.vcf 
        rm unzipped_parsed.bed' returned non-zero exit status 1.

RuleException:
CalledProcessError in file /n/zanderson/SNP-plot-snake-testing/workflow/rules/parsed-vcf-annotate.smk, line 12:
Command 'source /usr/bin/activate 'bedtools-2.31.1'; set -euo pipefail;  
        zcat /n/zanderson/SNP-plot-snake-testing/parsed-VCFs/HG01812-ONT-hg38-R9-LSK110-guppy-sup-5mC.PMDV_FINAL_parsed.vcf > unzipped_parsed.vcf
        bedtools intersect -a unzipped_parsed.vcf -b /n/zanderson/3_ENSEMBL_CANONICAL_EXON_in_PROTEIN_CODING_GENE_minus_UTR_gencode.v45.annotation.gtf -wa -wb | awk 'BEGIN {OFS="	"} {print $1, $2, $3, $4, $5, $6, $7, $8, $9, $10, $15, $16}' > /n/zanderson/SNP-plot-snake-testing/annotated-VCFs/HG01812-ONT-hg38-R9-LSK110-guppy-sup-5mC.annotated.vcf 
        rm unzipped_parsed.bed' returned non-zero exit status 1.
[Thu Aug 29 15:50:59 2024]
Error in rule vcf_annotate:
    jobid: 10
    input: /n/zanderson/SNP-plot-snake-testing/parsed-VCFs/HG01812-ONT-hg38-R9-LSK110-guppy-sup-5mC.PMDV_FINAL_parsed.vcf
    output: /n/zanderson/SNP-plot-snake-testing/annotated-VCFs/HG01812-ONT-hg38-R9-LSK110-guppy-sup-5mC.annotated.vcf
    conda-env: bedtools-2.31.1
    shell:
        
        zcat /n/zanderson/SNP-plot-snake-testing/parsed-VCFs/HG01812-ONT-hg38-R9-LSK110-guppy-sup-5mC.PMDV_FINAL_parsed.vcf > unzipped_parsed.vcf
        bedtools intersect -a unzipped_parsed.vcf -b /n/zanderson/3_ENSEMBL_CANONICAL_EXON_in_PROTEIN_CODING_GENE_minus_UTR_gencode.v45.annotation.gtf -wa -wb | awk 'BEGIN {OFS="	"} {print $1, $2, $3, $4, $5, $6, $7, $8, $9, $10, $15, $16}' > /n/zanderson/SNP-plot-snake-testing/annotated-VCFs/HG01812-ONT-hg38-R9-LSK110-guppy-sup-5mC.annotated.vcf 
        rm unzipped_parsed.bed
        
        (one of the commands exited with non-zero exit code; note that snakemake uses bash strict mode!)

Removing output files of failed job vcf_annotate since they might be corrupted:
/n/zanderson/SNP-plot-snake-testing/annotated-VCFs/HG01812-ONT-hg38-R9-LSK110-guppy-sup-5mC.annotated.vcf
Full Traceback (most recent call last):
  File "/usr/share/millerlab/snakemake-8.16.0/lib/python3.12/site-packages/snakemake/executors/local.py", line 423, in run_wrapper
    run(
  File "/n/zanderson/SNP-plot-snake-testing/workflow/rules/parsed-vcf-annotate.smk", line 32, in __rule_vcf_annotate
  File "/usr/share/millerlab/snakemake-8.16.0/lib/python3.12/site-packages/snakemake/shell.py", line 357, in __new__
    raise sp.CalledProcessError(retcode, cmd)
subprocess.CalledProcessError: Command 'source /usr/bin/activate 'bedtools-2.31.1'; set -euo pipefail;  
        zcat /n/zanderson/SNP-plot-snake-testing/parsed-VCFs/HG01615-ONT-hg38-R9-LSK110-guppy-sup-5mC.PMDV_FINAL_parsed.vcf > unzipped_parsed.vcf
        bedtools intersect -a unzipped_parsed.vcf -b /n/zanderson/3_ENSEMBL_CANONICAL_EXON_in_PROTEIN_CODING_GENE_minus_UTR_gencode.v45.annotation.gtf -wa -wb | awk 'BEGIN {OFS="	"} {print $1, $2, $3, $4, $5, $6, $7, $8, $9, $10, $15, $16}' > /n/zanderson/SNP-plot-snake-testing/annotated-VCFs/HG01615-ONT-hg38-R9-LSK110-guppy-sup-5mC.annotated.vcf 
        rm unzipped_parsed.bed' returned non-zero exit status 1.

Full Traceback (most recent call last):
  File "/usr/share/millerlab/snakemake-8.16.0/lib/python3.12/site-packages/snakemake/executors/local.py", line 423, in run_wrapper
    run(
  File "/n/zanderson/SNP-plot-snake-testing/workflow/rules/parsed-vcf-annotate.smk", line 32, in __rule_vcf_annotate
  File "/usr/share/millerlab/snakemake-8.16.0/lib/python3.12/site-packages/snakemake/shell.py", line 357, in __new__
    raise sp.CalledProcessError(retcode, cmd)
subprocess.CalledProcessError: Command 'source /usr/bin/activate 'bedtools-2.31.1'; set -euo pipefail;  
        zcat /n/zanderson/SNP-plot-snake-testing/parsed-VCFs/HG01615-ONT-hg38-R9-LSK110-guppy-sup-5mC.PMDV_FINAL_parsed.vcf > unzipped_parsed.vcf
        bedtools intersect -a unzipped_parsed.vcf -b /n/zanderson/3_ENSEMBL_CANONICAL_EXON_in_PROTEIN_CODING_GENE_minus_UTR_gencode.v45.annotation.gtf -wa -wb | awk 'BEGIN {OFS="	"} {print $1, $2, $3, $4, $5, $6, $7, $8, $9, $10, $15, $16}' > /n/zanderson/SNP-plot-snake-testing/annotated-VCFs/HG01615-ONT-hg38-R9-LSK110-guppy-sup-5mC.annotated.vcf 
        rm unzipped_parsed.bed' returned non-zero exit status 1.

During handling of the above exception, another exception occurred:

Traceback (most recent call last):
  File "/usr/share/millerlab/snakemake-8.16.0/lib/python3.12/site-packages/snakemake/executors/local.py", line 261, in _callback
    raise ex
  File "/usr/share/millerlab/snakemake-8.16.0/lib/python3.12/concurrent/futures/thread.py", line 58, in run
    result = self.fn(*self.args, **self.kwargs)
             ^^^^^^^^^^^^^^^^^^^^^^^^^^^^^^^^^^
  File "/usr/share/millerlab/snakemake-8.16.0/lib/python3.12/site-packages/snakemake/executors/local.py", line 247, in cached_or_run
    run_func(*args)
  File "/usr/share/millerlab/snakemake-8.16.0/lib/python3.12/site-packages/snakemake/executors/local.py", line 459, in run_wrapper
    raise RuleException(
snakemake.exceptions.RuleException: CalledProcessError in file /n/zanderson/SNP-plot-snake-testing/workflow/rules/parsed-vcf-annotate.smk, line 12:
Command 'source /usr/bin/activate 'bedtools-2.31.1'; set -euo pipefail;  
        zcat /n/zanderson/SNP-plot-snake-testing/parsed-VCFs/HG01615-ONT-hg38-R9-LSK110-guppy-sup-5mC.PMDV_FINAL_parsed.vcf > unzipped_parsed.vcf
        bedtools intersect -a unzipped_parsed.vcf -b /n/zanderson/3_ENSEMBL_CANONICAL_EXON_in_PROTEIN_CODING_GENE_minus_UTR_gencode.v45.annotation.gtf -wa -wb | awk 'BEGIN {OFS="	"} {print $1, $2, $3, $4, $5, $6, $7, $8, $9, $10, $15, $16}' > /n/zanderson/SNP-plot-snake-testing/annotated-VCFs/HG01615-ONT-hg38-R9-LSK110-guppy-sup-5mC.annotated.vcf 
        rm unzipped_parsed.bed' returned non-zero exit status 1.

RuleException:
CalledProcessError in file /n/zanderson/SNP-plot-snake-testing/workflow/rules/parsed-vcf-annotate.smk, line 12:
Command 'source /usr/bin/activate 'bedtools-2.31.1'; set -euo pipefail;  
        zcat /n/zanderson/SNP-plot-snake-testing/parsed-VCFs/HG01615-ONT-hg38-R9-LSK110-guppy-sup-5mC.PMDV_FINAL_parsed.vcf > unzipped_parsed.vcf
        bedtools intersect -a unzipped_parsed.vcf -b /n/zanderson/3_ENSEMBL_CANONICAL_EXON_in_PROTEIN_CODING_GENE_minus_UTR_gencode.v45.annotation.gtf -wa -wb | awk 'BEGIN {OFS="	"} {print $1, $2, $3, $4, $5, $6, $7, $8, $9, $10, $15, $16}' > /n/zanderson/SNP-plot-snake-testing/annotated-VCFs/HG01615-ONT-hg38-R9-LSK110-guppy-sup-5mC.annotated.vcf 
        rm unzipped_parsed.bed' returned non-zero exit status 1.
[Thu Aug 29 15:50:59 2024]
Error in rule vcf_annotate:
    jobid: 7
    input: /n/zanderson/SNP-plot-snake-testing/parsed-VCFs/HG01615-ONT-hg38-R9-LSK110-guppy-sup-5mC.PMDV_FINAL_parsed.vcf
    output: /n/zanderson/SNP-plot-snake-testing/annotated-VCFs/HG01615-ONT-hg38-R9-LSK110-guppy-sup-5mC.annotated.vcf
    conda-env: bedtools-2.31.1
    shell:
        
        zcat /n/zanderson/SNP-plot-snake-testing/parsed-VCFs/HG01615-ONT-hg38-R9-LSK110-guppy-sup-5mC.PMDV_FINAL_parsed.vcf > unzipped_parsed.vcf
        bedtools intersect -a unzipped_parsed.vcf -b /n/zanderson/3_ENSEMBL_CANONICAL_EXON_in_PROTEIN_CODING_GENE_minus_UTR_gencode.v45.annotation.gtf -wa -wb | awk 'BEGIN {OFS="	"} {print $1, $2, $3, $4, $5, $6, $7, $8, $9, $10, $15, $16}' > /n/zanderson/SNP-plot-snake-testing/annotated-VCFs/HG01615-ONT-hg38-R9-LSK110-guppy-sup-5mC.annotated.vcf 
        rm unzipped_parsed.bed
        
        (one of the commands exited with non-zero exit code; note that snakemake uses bash strict mode!)

Full Traceback (most recent call last):
  File "/usr/share/millerlab/snakemake-8.16.0/lib/python3.12/site-packages/snakemake/executors/local.py", line 423, in run_wrapper
    run(
  File "/n/zanderson/SNP-plot-snake-testing/workflow/rules/parsed-vcf-annotate.smk", line 32, in __rule_vcf_annotate
  File "/usr/share/millerlab/snakemake-8.16.0/lib/python3.12/site-packages/snakemake/shell.py", line 357, in __new__
    raise sp.CalledProcessError(retcode, cmd)
subprocess.CalledProcessError: Command 'source /usr/bin/activate 'bedtools-2.31.1'; set -euo pipefail;  
        zcat /n/zanderson/SNP-plot-snake-testing/parsed-VCFs/HG00331-ONT-hg38-R9-LSK110-guppy-sup-5hmc_5mc_cg.PMDV_FINAL_parsed.vcf > unzipped_parsed.vcf
        bedtools intersect -a unzipped_parsed.vcf -b /n/zanderson/3_ENSEMBL_CANONICAL_EXON_in_PROTEIN_CODING_GENE_minus_UTR_gencode.v45.annotation.gtf -wa -wb | awk 'BEGIN {OFS="	"} {print $1, $2, $3, $4, $5, $6, $7, $8, $9, $10, $15, $16}' > /n/zanderson/SNP-plot-snake-testing/annotated-VCFs/HG00331-ONT-hg38-R9-LSK110-guppy-sup-5hmc_5mc_cg.annotated.vcf 
        rm unzipped_parsed.bed' returned non-zero exit status 1.

Removing output files of failed job vcf_annotate since they might be corrupted:
/n/zanderson/SNP-plot-snake-testing/annotated-VCFs/HG01615-ONT-hg38-R9-LSK110-guppy-sup-5mC.annotated.vcf
Full Traceback (most recent call last):
  File "/usr/share/millerlab/snakemake-8.16.0/lib/python3.12/site-packages/snakemake/executors/local.py", line 423, in run_wrapper
    run(
  File "/n/zanderson/SNP-plot-snake-testing/workflow/rules/parsed-vcf-annotate.smk", line 32, in __rule_vcf_annotate
  File "/usr/share/millerlab/snakemake-8.16.0/lib/python3.12/site-packages/snakemake/shell.py", line 357, in __new__
    raise sp.CalledProcessError(retcode, cmd)
subprocess.CalledProcessError: Command 'source /usr/bin/activate 'bedtools-2.31.1'; set -euo pipefail;  
        zcat /n/zanderson/SNP-plot-snake-testing/parsed-VCFs/HG00331-ONT-hg38-R9-LSK110-guppy-sup-5hmc_5mc_cg.PMDV_FINAL_parsed.vcf > unzipped_parsed.vcf
        bedtools intersect -a unzipped_parsed.vcf -b /n/zanderson/3_ENSEMBL_CANONICAL_EXON_in_PROTEIN_CODING_GENE_minus_UTR_gencode.v45.annotation.gtf -wa -wb | awk 'BEGIN {OFS="	"} {print $1, $2, $3, $4, $5, $6, $7, $8, $9, $10, $15, $16}' > /n/zanderson/SNP-plot-snake-testing/annotated-VCFs/HG00331-ONT-hg38-R9-LSK110-guppy-sup-5hmc_5mc_cg.annotated.vcf 
        rm unzipped_parsed.bed' returned non-zero exit status 1.

During handling of the above exception, another exception occurred:

Traceback (most recent call last):
  File "/usr/share/millerlab/snakemake-8.16.0/lib/python3.12/site-packages/snakemake/executors/local.py", line 261, in _callback
    raise ex
  File "/usr/share/millerlab/snakemake-8.16.0/lib/python3.12/concurrent/futures/thread.py", line 58, in run
    result = self.fn(*self.args, **self.kwargs)
             ^^^^^^^^^^^^^^^^^^^^^^^^^^^^^^^^^^
  File "/usr/share/millerlab/snakemake-8.16.0/lib/python3.12/site-packages/snakemake/executors/local.py", line 247, in cached_or_run
    run_func(*args)
  File "/usr/share/millerlab/snakemake-8.16.0/lib/python3.12/site-packages/snakemake/executors/local.py", line 459, in run_wrapper
    raise RuleException(
snakemake.exceptions.RuleException: CalledProcessError in file /n/zanderson/SNP-plot-snake-testing/workflow/rules/parsed-vcf-annotate.smk, line 12:
Command 'source /usr/bin/activate 'bedtools-2.31.1'; set -euo pipefail;  
        zcat /n/zanderson/SNP-plot-snake-testing/parsed-VCFs/HG00331-ONT-hg38-R9-LSK110-guppy-sup-5hmc_5mc_cg.PMDV_FINAL_parsed.vcf > unzipped_parsed.vcf
        bedtools intersect -a unzipped_parsed.vcf -b /n/zanderson/3_ENSEMBL_CANONICAL_EXON_in_PROTEIN_CODING_GENE_minus_UTR_gencode.v45.annotation.gtf -wa -wb | awk 'BEGIN {OFS="	"} {print $1, $2, $3, $4, $5, $6, $7, $8, $9, $10, $15, $16}' > /n/zanderson/SNP-plot-snake-testing/annotated-VCFs/HG00331-ONT-hg38-R9-LSK110-guppy-sup-5hmc_5mc_cg.annotated.vcf 
        rm unzipped_parsed.bed' returned non-zero exit status 1.

RuleException:
CalledProcessError in file /n/zanderson/SNP-plot-snake-testing/workflow/rules/parsed-vcf-annotate.smk, line 12:
Command 'source /usr/bin/activate 'bedtools-2.31.1'; set -euo pipefail;  
        zcat /n/zanderson/SNP-plot-snake-testing/parsed-VCFs/HG00331-ONT-hg38-R9-LSK110-guppy-sup-5hmc_5mc_cg.PMDV_FINAL_parsed.vcf > unzipped_parsed.vcf
        bedtools intersect -a unzipped_parsed.vcf -b /n/zanderson/3_ENSEMBL_CANONICAL_EXON_in_PROTEIN_CODING_GENE_minus_UTR_gencode.v45.annotation.gtf -wa -wb | awk 'BEGIN {OFS="	"} {print $1, $2, $3, $4, $5, $6, $7, $8, $9, $10, $15, $16}' > /n/zanderson/SNP-plot-snake-testing/annotated-VCFs/HG00331-ONT-hg38-R9-LSK110-guppy-sup-5hmc_5mc_cg.annotated.vcf 
        rm unzipped_parsed.bed' returned non-zero exit status 1.
[Thu Aug 29 15:50:59 2024]
Error in rule vcf_annotate:
    jobid: 4
    input: /n/zanderson/SNP-plot-snake-testing/parsed-VCFs/HG00331-ONT-hg38-R9-LSK110-guppy-sup-5hmc_5mc_cg.PMDV_FINAL_parsed.vcf
    output: /n/zanderson/SNP-plot-snake-testing/annotated-VCFs/HG00331-ONT-hg38-R9-LSK110-guppy-sup-5hmc_5mc_cg.annotated.vcf
    conda-env: bedtools-2.31.1
    shell:
        
        zcat /n/zanderson/SNP-plot-snake-testing/parsed-VCFs/HG00331-ONT-hg38-R9-LSK110-guppy-sup-5hmc_5mc_cg.PMDV_FINAL_parsed.vcf > unzipped_parsed.vcf
        bedtools intersect -a unzipped_parsed.vcf -b /n/zanderson/3_ENSEMBL_CANONICAL_EXON_in_PROTEIN_CODING_GENE_minus_UTR_gencode.v45.annotation.gtf -wa -wb | awk 'BEGIN {OFS="	"} {print $1, $2, $3, $4, $5, $6, $7, $8, $9, $10, $15, $16}' > /n/zanderson/SNP-plot-snake-testing/annotated-VCFs/HG00331-ONT-hg38-R9-LSK110-guppy-sup-5hmc_5mc_cg.annotated.vcf 
        rm unzipped_parsed.bed
        
        (one of the commands exited with non-zero exit code; note that snakemake uses bash strict mode!)

Removing output files of failed job vcf_annotate since they might be corrupted:
/n/zanderson/SNP-plot-snake-testing/annotated-VCFs/HG00331-ONT-hg38-R9-LSK110-guppy-sup-5hmc_5mc_cg.annotated.vcf
Shutting down, this might take some time.
Exiting because a job execution failed. Look above for error message
Complete log: .snakemake/log/2024-08-29T155057.566448.snakemake.log
unlocking
removing lock
removing lock
removed all locks
Full Traceback (most recent call last):
  File "/usr/share/millerlab/snakemake-8.16.0/lib/python3.12/site-packages/snakemake/cli.py", line 2103, in args_to_api
    dag_api.execute_workflow(
  File "/usr/share/millerlab/snakemake-8.16.0/lib/python3.12/site-packages/snakemake/api.py", line 594, in execute_workflow
    workflow.execute(
  File "/usr/share/millerlab/snakemake-8.16.0/lib/python3.12/site-packages/snakemake/workflow.py", line 1286, in execute
    raise WorkflowError("At least one job did not complete successfully.")
snakemake_interface_common.exceptions.WorkflowError: At least one job did not complete successfully.

WorkflowError:
At least one job did not complete successfully.
